<?xml version="1.0" encoding="UTF-8"?>
<!-- Generated by org.testng.reporters.JUnitReportReporter -->
<testsuite hostname="DESKTOP-HF3IB17" failures="0" tests="1" name="test_Classes.TestNG2" time="13.319" errors="0" timestamp="2023-03-01T23:42:00 PST" skipped="0">
  <testcase classname="test_Classes.TestNG2" name="verifyShopNowButton" time="13.319"/>
  <system-out/>
</testsuite> <!-- test_Classes.TestNG2 -->
