<?xml version="1.0" encoding="UTF-8"?>
<!-- Generated by org.testng.reporters.JUnitReportReporter -->
<testsuite hostname="DESKTOP-HF3IB17" failures="0" tests="2" name="test_Classes.TestNg1" time="33.755" errors="0" timestamp="2023-03-01T23:30:28 PST" skipped="0">
  <testcase classname="test_Classes.TestNg1" name="verifyViewMore" time="26.490"/>
  <system-out/>
  <testcase classname="test_Classes.TestNg1" name="verifyViewMore" time="7.265"/>
  <system-out/>
</testsuite> <!-- test_Classes.TestNg1 -->
